0 verbose cli [
0 verbose cli   '/Users/stanleykurniawan/.nvm/versions/node/v16.14.0/bin/node',
0 verbose cli   '/Users/stanleykurniawan/.nvm/versions/node/v16.14.0/bin/npm',
0 verbose cli   'install',
0 verbose cli   'cheerio@1.0.0-rc.12',
0 verbose cli   '--cache',
0 verbose cli   '/Users/stanleykurniawan/render-fetch/replit_scraper/.npm-cache',
0 verbose cli   '--no-audit',
0 verbose cli   '--no-fund'
0 verbose cli ]
1 info using npm@8.3.1
2 info using node@v16.14.0
3 timing npm:load:whichnode Completed in 0ms
4 timing config:load:defaults Completed in 2ms
5 timing config:load:file:/Users/stanleykurniawan/.nvm/versions/node/v16.14.0/lib/node_modules/npm/npmrc Completed in 0ms
6 timing config:load:builtin Completed in 1ms
7 timing config:load:cli Completed in 2ms
8 timing config:load:env Completed in 1ms
9 timing config:load:file:/Users/stanleykurniawan/render-fetch/replit_scraper/.npmrc Completed in 0ms
10 timing config:load:project Completed in 4ms
11 timing config:load:file:/Users/stanleykurniawan/.npmrc Completed in 4ms
12 timing config:load:user Completed in 4ms
13 timing config:load:file:/Users/stanleykurniawan/.nvm/versions/node/v16.14.0/etc/npmrc Completed in 1ms
14 timing config:load:global Completed in 1ms
15 timing config:load:validate Completed in 0ms
16 timing config:load:credentials Completed in 0ms
17 timing config:load:setEnvs Completed in 1ms
18 timing config:load Completed in 20ms
19 timing npm:load:configload Completed in 20ms
20 timing npm:load:setTitle Completed in 1ms
21 timing config:load:flatten Completed in 4ms
22 timing npm:load:display Completed in 6ms
23 verbose logfile /Users/stanleykurniawan/render-fetch/replit_scraper/.npm-cache/_logs/2025-11-09T09_24_12_741Z-debug-0.log
24 timing npm:load:logFile Completed in 7ms
25 timing npm:load:timers Completed in 0ms
26 timing npm:load:configScope Completed in 0ms
27 timing npm:load Completed in 37ms
28 timing arborist:ctor Completed in 0ms
29 timing idealTree:init Completed in 90ms
30 timing idealTree:userRequests Completed in 1ms
31 silly idealTree buildDeps
32 silly fetch manifest cheerio@1.0.0-rc.12
33 timing arborist:ctor Completed in 0ms
34 http fetch GET 200 https://registry.npmjs.org/cheerio 28ms (cache hit)
35 silly placeDep ROOT cheerio@1.0.0-rc.12 REPLACE for: replit_scraper@1.0.0 want: 1.0.0-rc.12
36 silly fetch manifest htmlparser2@^8.0.1
37 http fetch GET 200 https://registry.npmjs.org/htmlparser2 7ms (cache hit)
38 timing idealTree:#root Completed in 53ms
39 silly placeDep ROOT htmlparser2@8.0.2 OK for: cheerio@1.0.0-rc.12 want: ^8.0.1
40 timing idealTree:node_modules/cheerio Completed in 7ms
41 timing idealTree:node_modules/htmlparser2 Completed in 0ms
42 timing idealTree:buildDeps Completed in 61ms
43 timing idealTree:fixDepFlags Completed in 1ms
44 timing idealTree Completed in 155ms
45 timing reify:loadTrees Completed in 155ms
46 timing reify:diffTrees Completed in 4ms
47 silly reify mark retired [
47 silly reify   '/Users/stanleykurniawan/render-fetch/replit_scraper/node_modules/cheerio'
47 silly reify ]
48 silly reify mark retired [
48 silly reify   '/Users/stanleykurniawan/render-fetch/replit_scraper/node_modules/encoding-sniffer'
48 silly reify ]
49 silly reify mark retired [
49 silly reify   '/Users/stanleykurniawan/render-fetch/replit_scraper/node_modules/htmlparser2'
49 silly reify ]
50 silly reify mark retired [
50 silly reify   '/Users/stanleykurniawan/render-fetch/replit_scraper/node_modules/iconv-lite'
50 silly reify ]
51 silly reify mark retired [
51 silly reify   '/Users/stanleykurniawan/render-fetch/replit_scraper/node_modules/parse5-parser-stream'
51 silly reify ]
52 silly reify mark retired [
52 silly reify   '/Users/stanleykurniawan/render-fetch/replit_scraper/node_modules/safer-buffer'
52 silly reify ]
53 silly reify mark retired [
53 silly reify   '/Users/stanleykurniawan/render-fetch/replit_scraper/node_modules/undici'
53 silly reify ]
54 silly reify mark retired [
54 silly reify   '/Users/stanleykurniawan/render-fetch/replit_scraper/node_modules/whatwg-encoding'
54 silly reify ]
55 silly reify mark retired [
55 silly reify   '/Users/stanleykurniawan/render-fetch/replit_scraper/node_modules/whatwg-mimetype'
55 silly reify ]
56 silly reify moves {
56 silly reify   '/Users/stanleykurniawan/render-fetch/replit_scraper/node_modules/cheerio': '/Users/stanleykurniawan/render-fetch/replit_scraper/node_modules/.cheerio-7eFepVuv',
56 silly reify   '/Users/stanleykurniawan/render-fetch/replit_scraper/node_modules/encoding-sniffer': '/Users/stanleykurniawan/render-fetch/replit_scraper/node_modules/.encoding-sniffer-0p695HGU',
56 silly reify   '/Users/stanleykurniawan/render-fetch/replit_scraper/node_modules/htmlparser2': '/Users/stanleykurniawan/render-fetch/replit_scraper/node_modules/.htmlparser2-RCfCFE6U',
56 silly reify   '/Users/stanleykurniawan/render-fetch/replit_scraper/node_modules/iconv-lite': '/Users/stanleykurniawan/render-fetch/replit_scraper/node_modules/.iconv-lite-Aa7Zgutq',
56 silly reify   '/Users/stanleykurniawan/render-fetch/replit_scraper/node_modules/parse5-parser-stream': '/Users/stanleykurniawan/render-fetch/replit_scraper/node_modules/.parse5-parser-stream-x0D0tmNI',
56 silly reify   '/Users/stanleykurniawan/render-fetch/replit_scraper/node_modules/safer-buffer': '/Users/stanleykurniawan/render-fetch/replit_scraper/node_modules/.safer-buffer-tQlcjAzf',
56 silly reify   '/Users/stanleykurniawan/render-fetch/replit_scraper/node_modules/undici': '/Users/stanleykurniawan/render-fetch/replit_scraper/node_modules/.undici-Lsb0POyK',
56 silly reify   '/Users/stanleykurniawan/render-fetch/replit_scraper/node_modules/whatwg-encoding': '/Users/stanleykurniawan/render-fetch/replit_scraper/node_modules/.whatwg-encoding-O9GbmBOR',
56 silly reify   '/Users/stanleykurniawan/render-fetch/replit_scraper/node_modules/whatwg-mimetype': '/Users/stanleykurniawan/render-fetch/replit_scraper/node_modules/.whatwg-mimetype-Me9idFPX'
56 silly reify }
57 timing reify:retireShallow Completed in 15ms
58 timing reify:createSparse Completed in 1ms
59 timing reify:loadBundles Completed in 0ms
60 silly tarball no local data for cheerio@https://registry.npmjs.org/cheerio/-/cheerio-1.0.0-rc.12.tgz. Extracting by manifest.
61 silly tarball no local data for htmlparser2@https://registry.npmjs.org/htmlparser2/-/htmlparser2-8.0.2.tgz. Extracting by manifest.
62 timing reify:rollback:createSparse Completed in 8ms
63 timing reify:rollback:retireShallow Completed in 5ms
64 timing command:install Completed in 70285ms
65 verbose type system
66 verbose stack FetchError: request to https://registry.npmjs.org/htmlparser2/-/htmlparser2-8.0.2.tgz failed, reason: getaddrinfo ENOTFOUND registry.npmjs.org
66 verbose stack     at ClientRequest.<anonymous> (/Users/stanleykurniawan/.nvm/versions/node/v16.14.0/lib/node_modules/npm/node_modules/minipass-fetch/lib/index.js:110:14)
66 verbose stack     at ClientRequest.emit (node:events:520:28)
66 verbose stack     at TLSSocket.socketErrorListener (node:_http_client:442:9)
66 verbose stack     at TLSSocket.emit (node:events:532:35)
66 verbose stack     at emitErrorNT (node:internal/streams/destroy:157:8)
66 verbose stack     at emitErrorCloseNT (node:internal/streams/destroy:122:3)
66 verbose stack     at processTicksAndRejections (node:internal/process/task_queues:83:21)
67 verbose cwd /Users/stanleykurniawan/render-fetch/replit_scraper
68 verbose Darwin 22.3.0
69 verbose argv "/Users/stanleykurniawan/.nvm/versions/node/v16.14.0/bin/node" "/Users/stanleykurniawan/.nvm/versions/node/v16.14.0/bin/npm" "install" "cheerio@1.0.0-rc.12" "--cache" "/Users/stanleykurniawan/render-fetch/replit_scraper/.npm-cache" "--no-audit" "--no-fund"
70 verbose node v16.14.0
71 verbose npm  v8.3.1
72 error code ENOTFOUND
73 error syscall getaddrinfo
74 error errno ENOTFOUND
75 error network request to https://registry.npmjs.org/htmlparser2/-/htmlparser2-8.0.2.tgz failed, reason: getaddrinfo ENOTFOUND registry.npmjs.org
76 error network This is a problem related to network connectivity.
76 error network In most cases you are behind a proxy or have bad network settings.
76 error network
76 error network If you are behind a proxy, please make sure that the
76 error network 'proxy' config is set properly.  See: 'npm help config'
77 verbose exit 1
78 timing npm Completed in 70454ms
79 verbose unfinished npm timer reify 1762680252903
80 verbose unfinished npm timer reify:unpack 1762680253081
81 verbose unfinished npm timer reifyNode:node_modules/htmlparser2 1762680253081
82 verbose unfinished npm timer reifyNode:node_modules/cheerio 1762680253081
83 verbose code 1
84 error A complete log of this run can be found in:
84 error     /Users/stanleykurniawan/render-fetch/replit_scraper/.npm-cache/_logs/2025-11-09T09_24_12_741Z-debug-0.log
