0 verbose cli [
0 verbose cli   '/Users/stanleykurniawan/.nvm/versions/node/v16.14.0/bin/node',
0 verbose cli   '/Users/stanleykurniawan/.nvm/versions/node/v16.14.0/bin/npm',
0 verbose cli   'install',
0 verbose cli   'cheerio',
0 verbose cli   '--cache',
0 verbose cli   '/Users/stanleykurniawan/render-fetch/replit_scraper/.npm-cache',
0 verbose cli   '--no-audit',
0 verbose cli   '--no-fund'
0 verbose cli ]
1 info using npm@8.3.1
2 info using node@v16.14.0
3 timing npm:load:whichnode Completed in 0ms
4 timing config:load:defaults Completed in 3ms
5 timing config:load:file:/Users/stanleykurniawan/.nvm/versions/node/v16.14.0/lib/node_modules/npm/npmrc Completed in 0ms
6 timing config:load:builtin Completed in 1ms
7 timing config:load:cli Completed in 2ms
8 timing config:load:env Completed in 0ms
9 timing config:load:file:/Users/stanleykurniawan/render-fetch/replit_scraper/.npmrc Completed in 0ms
10 timing config:load:project Completed in 5ms
11 timing config:load:file:/Users/stanleykurniawan/.npmrc Completed in 4ms
12 timing config:load:user Completed in 4ms
13 timing config:load:file:/Users/stanleykurniawan/.nvm/versions/node/v16.14.0/etc/npmrc Completed in 1ms
14 timing config:load:global Completed in 1ms
15 timing config:load:validate Completed in 0ms
16 timing config:load:credentials Completed in 1ms
17 timing config:load:setEnvs Completed in 1ms
18 timing config:load Completed in 22ms
19 timing npm:load:configload Completed in 23ms
20 timing npm:load:setTitle Completed in 0ms
21 timing config:load:flatten Completed in 4ms
22 timing npm:load:display Completed in 6ms
23 verbose logfile /Users/stanleykurniawan/render-fetch/replit_scraper/.npm-cache/_logs/2025-11-09T09_21_40_631Z-debug-0.log
24 timing npm:load:logFile Completed in 9ms
25 timing npm:load:timers Completed in 0ms
26 timing npm:load:configScope Completed in 0ms
27 timing npm:load Completed in 40ms
28 timing arborist:ctor Completed in 1ms
29 timing arborist:ctor Completed in 0ms
30 timing idealTree:init Completed in 9ms
31 timing idealTree:userRequests Completed in 2ms
32 silly idealTree buildDeps
33 silly fetch manifest cheerio@*
34 http fetch GET 200 https://registry.npmjs.org/cheerio 115ms (cache miss)
35 silly placeDep ROOT cheerio@1.1.2 OK for: replit_scraper@1.0.0 want: *
36 silly fetch manifest parse5@^7.3.0
37 silly fetch manifest undici@^7.12.0
38 silly fetch manifest domutils@^3.2.2
39 silly fetch manifest domhandler@^5.0.3
40 silly fetch manifest htmlparser2@^10.0.0
41 silly fetch manifest cheerio-select@^2.1.0
42 silly fetch manifest dom-serializer@^2.0.0
43 silly fetch manifest whatwg-mimetype@^4.0.0
44 silly fetch manifest encoding-sniffer@^0.2.1
45 silly fetch manifest parse5-parser-stream@^7.1.2
46 silly fetch manifest parse5-htmlparser2-tree-adapter@^7.1.0
47 http fetch GET 200 https://registry.npmjs.org/undici 78ms (cache miss)
48 http fetch GET 200 https://registry.npmjs.org/parse5 124ms (cache miss)
49 http fetch GET 200 https://registry.npmjs.org/parse5-parser-stream 155ms (cache miss)
50 http fetch GET 200 https://registry.npmjs.org/domhandler 204ms (cache miss)
51 http fetch GET 200 https://registry.npmjs.org/parse5-htmlparser2-tree-adapter 196ms (cache miss)
52 http fetch GET 200 https://registry.npmjs.org/whatwg-mimetype 206ms (cache miss)
53 http fetch GET 200 https://registry.npmjs.org/dom-serializer 208ms (cache miss)
54 http fetch GET 200 https://registry.npmjs.org/htmlparser2 211ms (cache miss)
55 http fetch GET 200 https://registry.npmjs.org/domutils 219ms (cache miss)
56 http fetch GET 200 https://registry.npmjs.org/encoding-sniffer 217ms (cache miss)
57 http fetch GET 200 https://registry.npmjs.org/cheerio-select 308ms (cache miss)
58 timing idealTree:#root Completed in 448ms
59 silly placeDep ROOT cheerio-select@2.1.0 OK for: cheerio@1.1.2 want: ^2.1.0
60 silly placeDep ROOT dom-serializer@2.0.0 OK for: cheerio@1.1.2 want: ^2.0.0
61 silly placeDep ROOT domhandler@5.0.3 OK for: cheerio@1.1.2 want: ^5.0.3
62 silly placeDep ROOT domutils@3.2.2 OK for: cheerio@1.1.2 want: ^3.2.2
63 silly placeDep ROOT encoding-sniffer@0.2.1 OK for: cheerio@1.1.2 want: ^0.2.1
64 silly placeDep ROOT htmlparser2@10.0.0 OK for: cheerio@1.1.2 want: ^10.0.0
65 silly placeDep ROOT parse5@7.3.0 OK for: cheerio@1.1.2 want: ^7.3.0
66 silly placeDep ROOT parse5-htmlparser2-tree-adapter@7.1.0 OK for: cheerio@1.1.2 want: ^7.1.0
67 silly placeDep ROOT parse5-parser-stream@7.1.2 OK for: cheerio@1.1.2 want: ^7.1.2
68 silly placeDep ROOT undici@7.16.0 OK for: cheerio@1.1.2 want: ^7.12.0
69 silly placeDep ROOT whatwg-mimetype@4.0.0 OK for: cheerio@1.1.2 want: ^4.0.0
70 silly fetch manifest boolbase@^1.0.0
71 silly fetch manifest css-select@^5.1.0
72 silly fetch manifest css-what@^6.1.0
73 silly fetch manifest domelementtype@^2.3.0
74 silly fetch manifest entities@^4.2.0
75 silly fetch manifest iconv-lite@^0.6.3
76 silly fetch manifest whatwg-encoding@^3.1.1
77 silly fetch manifest entities@^6.0.0
78 http fetch GET 200 https://registry.npmjs.org/boolbase 119ms (cache miss)
79 http fetch GET 200 https://registry.npmjs.org/whatwg-encoding 121ms (cache miss)
80 http fetch GET 200 https://registry.npmjs.org/domelementtype 125ms (cache miss)
81 http fetch GET 200 https://registry.npmjs.org/iconv-lite 123ms (cache miss)
82 http fetch GET 200 https://registry.npmjs.org/css-what 126ms (cache miss)
83 http fetch GET 200 https://registry.npmjs.org/entities 128ms (cache miss)
84 http fetch GET 200 https://registry.npmjs.org/css-select 131ms (cache miss)
85 timing idealTree:node_modules/cheerio Completed in 193ms
86 silly placeDep ROOT boolbase@1.0.0 OK for: cheerio-select@2.1.0 want: ^1.0.0
87 silly placeDep ROOT css-select@5.2.2 OK for: cheerio-select@2.1.0 want: ^5.1.0
88 silly placeDep ROOT css-what@6.2.2 OK for: cheerio-select@2.1.0 want: ^6.1.0
89 silly placeDep ROOT domelementtype@2.3.0 OK for: cheerio-select@2.1.0 want: ^2.3.0
90 silly fetch manifest nth-check@^2.0.1
91 http fetch GET 200 https://registry.npmjs.org/nth-check 112ms (cache miss)
92 timing idealTree:node_modules/cheerio-select Completed in 127ms
93 timing idealTree:node_modules/boolbase Completed in 0ms
94 silly placeDep ROOT nth-check@2.1.1 OK for: css-select@5.2.2 want: ^2.0.1
95 timing idealTree:node_modules/css-select Completed in 2ms
96 timing idealTree:node_modules/css-what Completed in 0ms
97 silly placeDep ROOT entities@4.5.0 OK for: dom-serializer@2.0.0 want: ^4.2.0
98 timing idealTree:node_modules/dom-serializer Completed in 3ms
99 timing idealTree:node_modules/domelementtype Completed in 0ms
100 timing idealTree:node_modules/domhandler Completed in 0ms
101 timing idealTree:node_modules/domutils Completed in 0ms
102 silly placeDep ROOT iconv-lite@0.6.3 OK for: encoding-sniffer@0.2.1 want: ^0.6.3
103 silly placeDep ROOT whatwg-encoding@3.1.1 OK for: encoding-sniffer@0.2.1 want: ^3.1.1
104 silly fetch manifest safer-buffer@>= 2.1.2 < 3.0.0
105 http fetch GET 200 https://registry.npmjs.org/safer-buffer 57ms (cache miss)
106 timing idealTree:node_modules/encoding-sniffer Completed in 60ms
107 timing idealTree:node_modules/entities Completed in 1ms
108 silly placeDep node_modules/htmlparser2 entities@6.0.1 OK for: htmlparser2@10.0.0 want: ^6.0.0
109 timing idealTree:node_modules/htmlparser2 Completed in 5ms
110 silly placeDep ROOT safer-buffer@2.1.2 OK for: iconv-lite@0.6.3 want: >= 2.1.2 < 3.0.0
111 timing idealTree:node_modules/iconv-lite Completed in 3ms
112 timing idealTree:node_modules/nth-check Completed in 0ms
113 silly placeDep node_modules/parse5 entities@6.0.1 OK for: parse5@7.3.0 want: ^6.0.0
114 timing idealTree:node_modules/parse5 Completed in 0ms
115 timing idealTree:node_modules/parse5-htmlparser2-tree-adapter Completed in 0ms
116 timing idealTree:node_modules/parse5-parser-stream Completed in 0ms
117 timing idealTree:node_modules/safer-buffer Completed in 0ms
118 timing idealTree:node_modules/undici Completed in 0ms
119 timing idealTree:node_modules/whatwg-encoding Completed in 0ms
120 timing idealTree:node_modules/whatwg-mimetype Completed in 0ms
121 timing idealTree:node_modules/htmlparser2/node_modules/entities Completed in 0ms
122 timing idealTree:node_modules/parse5/node_modules/entities Completed in 1ms
123 timing idealTree:buildDeps Completed in 845ms
124 timing idealTree:fixDepFlags Completed in 1ms
125 warn EBADENGINE Unsupported engine {
125 warn EBADENGINE   package: 'cheerio@1.1.2',
125 warn EBADENGINE   required: { node: '>=20.18.1' },
125 warn EBADENGINE   current: { node: 'v16.14.0', npm: '8.3.1' }
125 warn EBADENGINE }
126 warn EBADENGINE Unsupported engine {
126 warn EBADENGINE   package: 'undici@7.16.0',
126 warn EBADENGINE   required: { node: '>=20.18.1' },
126 warn EBADENGINE   current: { node: 'v16.14.0', npm: '8.3.1' }
126 warn EBADENGINE }
127 warn EBADENGINE Unsupported engine {
127 warn EBADENGINE   package: 'whatwg-mimetype@4.0.0',
127 warn EBADENGINE   required: { node: '>=18' },
127 warn EBADENGINE   current: { node: 'v16.14.0', npm: '8.3.1' }
127 warn EBADENGINE }
128 warn EBADENGINE Unsupported engine {
128 warn EBADENGINE   package: 'whatwg-encoding@3.1.1',
128 warn EBADENGINE   required: { node: '>=18' },
128 warn EBADENGINE   current: { node: 'v16.14.0', npm: '8.3.1' }
128 warn EBADENGINE }
129 timing idealTree Completed in 866ms
130 timing reify:loadTrees Completed in 867ms
131 timing reify:diffTrees Completed in 2ms
132 silly reify moves {}
133 timing reify:retireShallow Completed in 1ms
134 timing reify:createSparse Completed in 3ms
135 timing reify:loadBundles Completed in 0ms
136 silly tarball no local data for safer-buffer@https://registry.npmjs.org/safer-buffer/-/safer-buffer-2.1.2.tgz. Extracting by manifest.
137 silly tarball no local data for iconv-lite@https://registry.npmjs.org/iconv-lite/-/iconv-lite-0.6.3.tgz. Extracting by manifest.
138 silly tarball no local data for domelementtype@https://registry.npmjs.org/domelementtype/-/domelementtype-2.3.0.tgz. Extracting by manifest.
139 silly tarball no local data for css-select@https://registry.npmjs.org/css-select/-/css-select-5.2.2.tgz. Extracting by manifest.
140 silly tarball no local data for boolbase@https://registry.npmjs.org/boolbase/-/boolbase-1.0.0.tgz. Extracting by manifest.
141 silly tarball no local data for nth-check@https://registry.npmjs.org/nth-check/-/nth-check-2.1.1.tgz. Extracting by manifest.
142 silly tarball no local data for entities@https://registry.npmjs.org/entities/-/entities-4.5.0.tgz. Extracting by manifest.
143 silly tarball no local data for css-what@https://registry.npmjs.org/css-what/-/css-what-6.2.2.tgz. Extracting by manifest.
144 silly tarball no local data for whatwg-encoding@https://registry.npmjs.org/whatwg-encoding/-/whatwg-encoding-3.1.1.tgz. Extracting by manifest.
145 silly tarball no local data for whatwg-mimetype@https://registry.npmjs.org/whatwg-mimetype/-/whatwg-mimetype-4.0.0.tgz. Extracting by manifest.
146 silly tarball no local data for undici@https://registry.npmjs.org/undici/-/undici-7.16.0.tgz. Extracting by manifest.
147 silly tarball no local data for parse5-htmlparser2-tree-adapter@https://registry.npmjs.org/parse5-htmlparser2-tree-adapter/-/parse5-htmlparser2-tree-adapter-7.1.0.tgz. Extracting by manifest.
148 silly tarball no local data for htmlparser2@https://registry.npmjs.org/htmlparser2/-/htmlparser2-10.0.0.tgz. Extracting by manifest.
149 silly tarball no local data for domutils@https://registry.npmjs.org/domutils/-/domutils-3.2.2.tgz. Extracting by manifest.
150 silly tarball no local data for encoding-sniffer@https://registry.npmjs.org/encoding-sniffer/-/encoding-sniffer-0.2.1.tgz. Extracting by manifest.
151 silly tarball no local data for parse5-parser-stream@https://registry.npmjs.org/parse5-parser-stream/-/parse5-parser-stream-7.1.2.tgz. Extracting by manifest.
152 silly tarball no local data for dom-serializer@https://registry.npmjs.org/dom-serializer/-/dom-serializer-2.0.0.tgz. Extracting by manifest.
153 silly tarball no local data for cheerio@https://registry.npmjs.org/cheerio/-/cheerio-1.1.2.tgz. Extracting by manifest.
154 silly tarball no local data for parse5@https://registry.npmjs.org/parse5/-/parse5-7.3.0.tgz. Extracting by manifest.
155 silly tarball no local data for domhandler@https://registry.npmjs.org/domhandler/-/domhandler-5.0.3.tgz. Extracting by manifest.
156 silly tarball no local data for cheerio-select@https://registry.npmjs.org/cheerio-select/-/cheerio-select-2.1.0.tgz. Extracting by manifest.
157 silly tarball no local data for entities@https://registry.npmjs.org/entities/-/entities-6.0.1.tgz. Extracting by manifest.
158 silly tarball no local data for entities@https://registry.npmjs.org/entities/-/entities-6.0.1.tgz. Extracting by manifest.
159 http fetch GET 200 https://registry.npmjs.org/whatwg-mimetype/-/whatwg-mimetype-4.0.0.tgz 239ms (cache miss)
160 timing reifyNode:node_modules/whatwg-mimetype Completed in 287ms
161 http fetch GET 200 https://registry.npmjs.org/boolbase/-/boolbase-1.0.0.tgz 278ms (cache miss)
162 timing reifyNode:node_modules/boolbase Completed in 310ms
163 http fetch GET 200 https://registry.npmjs.org/whatwg-encoding/-/whatwg-encoding-3.1.1.tgz 317ms (cache miss)
164 timing reifyNode:node_modules/whatwg-encoding Completed in 364ms
165 http fetch GET 200 https://registry.npmjs.org/domelementtype/-/domelementtype-2.3.0.tgz 348ms (cache miss)
166 timing reifyNode:node_modules/domelementtype Completed in 374ms
167 http fetch GET 200 https://registry.npmjs.org/safer-buffer/-/safer-buffer-2.1.2.tgz 365ms (cache miss)
168 timing reifyNode:node_modules/safer-buffer Completed in 385ms
169 http fetch GET 200 https://registry.npmjs.org/parse5-parser-stream/-/parse5-parser-stream-7.1.2.tgz 336ms (cache miss)
170 timing reifyNode:node_modules/parse5-parser-stream Completed in 400ms
171 http fetch GET 200 https://registry.npmjs.org/parse5-htmlparser2-tree-adapter/-/parse5-htmlparser2-tree-adapter-7.1.0.tgz 349ms (cache miss)
172 timing reifyNode:node_modules/parse5-htmlparser2-tree-adapter Completed in 405ms
173 http fetch GET 200 https://registry.npmjs.org/dom-serializer/-/dom-serializer-2.0.0.tgz 357ms (cache miss)
174 timing reifyNode:node_modules/dom-serializer Completed in 420ms
175 http fetch GET 200 https://registry.npmjs.org/domhandler/-/domhandler-5.0.3.tgz 369ms (cache miss)
176 timing reifyNode:node_modules/domhandler Completed in 439ms
177 http fetch GET 200 https://registry.npmjs.org/nth-check/-/nth-check-2.1.1.tgz 421ms (cache miss)
178 timing reifyNode:node_modules/nth-check Completed in 457ms
179 http fetch GET 200 https://registry.npmjs.org/css-what/-/css-what-6.2.2.tgz 425ms (cache miss)
180 timing reifyNode:node_modules/css-what Completed in 464ms
181 http fetch GET 200 https://registry.npmjs.org/cheerio-select/-/cheerio-select-2.1.0.tgz 389ms (cache miss)
182 timing reifyNode:node_modules/cheerio-select Completed in 468ms
183 http fetch GET 200 https://registry.npmjs.org/encoding-sniffer/-/encoding-sniffer-0.2.1.tgz 428ms (cache miss)
184 timing reifyNode:node_modules/encoding-sniffer Completed in 487ms
185 http fetch GET 200 https://registry.npmjs.org/domutils/-/domutils-3.2.2.tgz 470ms (cache miss)
186 timing reifyNode:node_modules/domutils Completed in 528ms
187 http fetch GET 200 https://registry.npmjs.org/iconv-lite/-/iconv-lite-0.6.3.tgz 523ms (cache miss)
188 timing reifyNode:node_modules/iconv-lite Completed in 546ms
189 http fetch GET 200 https://registry.npmjs.org/entities/-/entities-4.5.0.tgz 511ms (cache miss)
190 timing reifyNode:node_modules/entities Completed in 548ms
191 http fetch GET 200 https://registry.npmjs.org/htmlparser2/-/htmlparser2-10.0.0.tgz 510ms (cache miss)
192 timing reifyNode:node_modules/htmlparser2 Completed in 567ms
193 http fetch GET 200 https://registry.npmjs.org/entities/-/entities-6.0.1.tgz 492ms (cache miss)
194 timing reifyNode:node_modules/htmlparser2/node_modules/entities Completed in 580ms
195 http fetch GET 200 https://registry.npmjs.org/css-select/-/css-select-5.2.2.tgz 556ms (cache miss)
196 timing reifyNode:node_modules/css-select Completed in 584ms
197 http fetch GET 200 https://registry.npmjs.org/parse5/-/parse5-7.3.0.tgz 529ms (cache miss)
198 timing reifyNode:node_modules/parse5 Completed in 599ms
199 http fetch GET 200 https://registry.npmjs.org/entities/-/entities-6.0.1.tgz 518ms (cache miss)
200 timing reifyNode:node_modules/parse5/node_modules/entities Completed in 601ms
201 http fetch GET 200 https://registry.npmjs.org/cheerio/-/cheerio-1.1.2.tgz 604ms (cache miss)
202 timing reifyNode:node_modules/cheerio Completed in 671ms
203 http fetch GET 200 https://registry.npmjs.org/undici/-/undici-7.16.0.tgz 630ms (cache miss)
204 timing reifyNode:node_modules/undici Completed in 681ms
205 timing reify:unpack Completed in 683ms
206 timing reify:unretire Completed in 0ms
207 timing build:queue Completed in 1ms
208 timing build:deps Completed in 1ms
209 timing build Completed in 1ms
210 timing reify:build Completed in 2ms
211 timing reify:trash Completed in 0ms
212 timing reify:save Completed in 15ms
213 timing reify Completed in 1600ms
214 silly ADD node_modules/safer-buffer
215 silly ADD node_modules/whatwg-encoding
216 silly ADD node_modules/iconv-lite
217 silly ADD node_modules/entities
218 silly ADD node_modules/nth-check
219 silly ADD node_modules/domelementtype
220 silly ADD node_modules/css-what
221 silly ADD node_modules/css-select
222 silly ADD node_modules/boolbase
223 silly ADD node_modules/whatwg-mimetype
224 silly ADD node_modules/undici
225 silly ADD node_modules/parse5-parser-stream
226 silly ADD node_modules/parse5-htmlparser2-tree-adapter
227 silly ADD node_modules/parse5
228 silly ADD node_modules/parse5/node_modules/entities
229 silly ADD node_modules/htmlparser2
230 silly ADD node_modules/htmlparser2/node_modules/entities
231 silly ADD node_modules/encoding-sniffer
232 silly ADD node_modules/domutils
233 silly ADD node_modules/domhandler
234 silly ADD node_modules/dom-serializer
235 silly ADD node_modules/cheerio-select
236 silly ADD node_modules/cheerio
237 timing command:install Completed in 1604ms
238 notice
238 notice New major version of npm available! 8.3.1 -> 11.6.2
238 notice Changelog: <https://github.com/npm/cli/releases/tag/v11.6.2>
238 notice Run `npm install -g npm@11.6.2` to update!
238 notice
239 verbose exit 0
240 timing npm Completed in 1781ms
241 info ok
